<?xml version="1.0" encoding="UTF-8"?>
<!-- Generated by org.testng.reporters.JUnitReportReporter -->
<testsuite hostname="LAP14108" failures="0" tests="3" name="baiTap.practice.algorithm.TestUser" time="0.016" errors="0" timestamp="2022-10-13T18:00:50 ICT" skipped="0">
  <testcase classname="baiTap.practice.algorithm.TestUser" name="triangle" time="0.006"/>
  <system-out/>
  <testcase classname="baiTap.practice.algorithm.TestUser" name="createUser" time="0.006"/>
  <system-out/>
  <testcase classname="baiTap.practice.algorithm.TestUser" name="canSetPassword" time="0.004"/>
  <system-out/>
</testsuite> <!-- baiTap.practice.algorithm.TestUser -->
